mai. 14, 2025 12:12:08 AM liquibase.changelog
INFORMAÇÕES: Reading resource: db/changelog/migrations/db.changelog-202505122251.sql
mai. 14, 2025 12:12:08 AM liquibase.changelog
INFORMAÇÕES: Reading resource: db/changelog/migrations/db.changelog-202505130026.sql
mai. 14, 2025 12:12:08 AM liquibase.changelog
INFORMAÇÕES: Reading resource: db/changelog/migrations/db.changelog-202505130027.sql
mai. 14, 2025 12:12:08 AM liquibase.changelog
INFORMAÇÕES: Reading resource: db/changelog/migrations/db.changelog-202505130028.sql
mai. 14, 2025 12:12:08 AM liquibase.changelog
INFORMAÇÕES: Reading resource: db/changelog/migrations/db.changelog-202505130053.sql
mai. 14, 2025 12:12:08 AM liquibase.changelog
INFORMAÇÕES: Reading from board.databasechangelog
Database is up to date, no changesets to execute
mai. 14, 2025 12:12:08 AM liquibase.changelog
INFORMAÇÕES: Reading from board.databasechangelog

UPDATE SUMMARY
Run:                          0
Previously run:               5
Filtered out:                 0
-------------------------------
Total change sets:            5

mai. 14, 2025 12:12:08 AM liquibase.util
INFORMAÇÕES: UPDATE SUMMARY
mai. 14, 2025 12:12:08 AM liquibase.util
INFORMAÇÕES: Run:                          0
mai. 14, 2025 12:12:08 AM liquibase.util
INFORMAÇÕES: Previously run:               5
mai. 14, 2025 12:12:08 AM liquibase.util
INFORMAÇÕES: Filtered out:                 0
mai. 14, 2025 12:12:08 AM liquibase.util
INFORMAÇÕES: -------------------------------
mai. 14, 2025 12:12:08 AM liquibase.util
INFORMAÇÕES: Total change sets:            5
mai. 14, 2025 12:12:08 AM liquibase.util
INFORMAÇÕES: Update summary generated
mai. 14, 2025 12:12:08 AM liquibase.lockservice
INFORMAÇÕES: Successfully released change log lock
mai. 14, 2025 12:12:08 AM liquibase.command
INFORMAÇÕES: Command execution complete
